#
# A fatal error has been detected by the Java Runtime Environment:
#
#  EXCEPTION_ACCESS_VIOLATION (0xc0000005) at pc=0x7775eea8, pid=1792, tid=4460
#
# JRE version: Java(TM) SE Runtime Environment (7.0_51-b13) (build 1.7.0_51-b13)
# Java VM: Java HotSpot(TM) Client VM (24.51-b03 mixed mode, sharing windows-x86 )
# Problematic frame:
# C  [ntdll.dll+0xceea8]
#
# Failed to write core dump. Minidumps are not enabled by default on client versions of Windows
#
# If you would like to submit a bug report, please visit:
#   http://bugreport.sun.com/bugreport/crash.jsp
# The crash happened outside the Java Virtual Machine in native code.
# See problematic frame for where to report the bug.
#

---------------  T H R E A D  ---------------

Current thread (0x003dfc00):  JavaThread "AWT-EventQueue-0" [_thread_in_native, id=4460, stack(0x04f20000,0x04f70000)]

siginfo: ExceptionCode=0xc0000005, reading address 0x071a001a

Registers:
EAX=0x071a0018, EBX=0x06fb1ed0, ECX=0x00000000, EDX=0x00000000
ESP=0x04f6b6a0, EBP=0x04f6b6d8, ESI=0x00000000, EDI=0x006c0000
EIP=0x7775eea8, EFLAGS=0x00010206

Top of Stack: (sp=0x04f6b6a0)
0x04f6b6a0:   73079ef9 006c0000 071a0018 00000000
0x04f6b6b0:   06fb6bc8 0707a4e0 06fb1ed0 00000000
0x04f6b6c0:   04f6b6a0 04f6b268 04f6b7bc 7770041d
0x04f6b6d0:   009ae681 fffffffe 04f6b7cc 7771a974
0x04f6b6e0:   006c0000 071a0018 00000000 73079fed
0x04f6b6f0:   00000000 006c0000 071a0020 06fb20d0
0x04f6b700:   06153bf8 06153c00 06153c18 04f6b8d4
0x04f6b710:   06153c2c 04f6bd28 04f6b8c8 07079228 

Instructions: (pc=0x7775eea8)
0x7775ee88:   e8 20 61 fe ff c3 8b 65 e8 c7 45 fc fe ff ff ff
0x7775ee98:   8b 45 0c 8b 7d 08 8b 5d e0 33 f6 39 77 4c 74 10
0x7775eea8:   8a 48 02 32 48 01 32 08 88 48 03 8b 4f 50 31 08
0x7775eeb8:   8b 4d e4 83 f9 0a 77 3e 0f b6 91 2a ef 75 77 ff 


Register to memory mapping:

EAX=0x071a0018 is an unknown value
EBX=0x06fb1ed0 is an unknown value
ECX=0x00000000 is an unknown value
EDX=0x00000000 is an unknown value
ESP=0x04f6b6a0 is pointing into the stack for thread: 0x003dfc00
EBP=0x04f6b6d8 is pointing into the stack for thread: 0x003dfc00
ESI=0x00000000 is an unknown value
EDI=0x006c0000 is an unknown value


Stack: [0x04f20000,0x04f70000],  sp=0x04f6b6a0,  free space=301k
Native frames: (J=compiled Java code, j=interpreted, Vv=VM code, C=native code)
C  [ntdll.dll+0xceea8]
C  [ntdll.dll+0x8a974]
C  [ntdll.dll+0x332f2]
C  [msvcrt.dll+0x98cd]

Java frames: (J=compiled Java code, j=interpreted, Vv=VM code)
j  org.coinor.Ipopt.IpoptSolve(J[D[D[D[D[D[D[D[D[D)I+0
j  org.coinor.Ipopt.solve([D)I+48
j  weightedcliqueproblem.control.BranchBound.solveSubProblem(Lweightedcliqueproblem/model/SubProblem;)V+7
j  weightedcliqueproblem.control.BranchBound.branchBound()V+216
j  weightedcliqueproblem.control.BranchBound.<init>(Lweightedcliqueproblem/model/Problem;)V+39
j  weightedcliqueproblem.view.MainFrame.bttSolveActionPerformed(Ljava/awt/event/ActionEvent;)V+15
j  weightedcliqueproblem.view.MainFrame.access$200(Lweightedcliqueproblem/view/MainFrame;Ljava/awt/event/ActionEvent;)V+2
j  weightedcliqueproblem.view.MainFrame$3.actionPerformed(Ljava/awt/event/ActionEvent;)V+5
j  javax.swing.AbstractButton.fireActionPerformed(Ljava/awt/event/ActionEvent;)V+84
j  javax.swing.AbstractButton$Handler.actionPerformed(Ljava/awt/event/ActionEvent;)V+5
j  javax.swing.DefaultButtonModel.fireActionPerformed(Ljava/awt/event/ActionEvent;)V+35
j  javax.swing.DefaultButtonModel.setPressed(Z)V+117
j  javax.swing.plaf.basic.BasicButtonListener.mouseReleased(Ljava/awt/event/MouseEvent;)V+35
j  java.awt.Component.processMouseEvent(Ljava/awt/event/MouseEvent;)V+64
j  javax.swing.JComponent.processMouseEvent(Ljava/awt/event/MouseEvent;)V+23
j  java.awt.Component.processEvent(Ljava/awt/AWTEvent;)V+81
j  java.awt.Container.processEvent(Ljava/awt/AWTEvent;)V+18
j  java.awt.Component.dispatchEventImpl(Ljava/awt/AWTEvent;)V+581
j  java.awt.Container.dispatchEventImpl(Ljava/awt/AWTEvent;)V+42
J  java.awt.LightweightDispatcher.retargetMouseEvent(Ljava/awt/Component;ILjava/awt/event/MouseEvent;)V
j  java.awt.LightweightDispatcher.processMouseEvent(Ljava/awt/event/MouseEvent;)Z+139
j  java.awt.LightweightDispatcher.dispatchEvent(Ljava/awt/AWTEvent;)Z+50
j  java.awt.Container.dispatchEventImpl(Ljava/awt/AWTEvent;)V+12
j  java.awt.Window.dispatchEventImpl(Ljava/awt/AWTEvent;)V+19
j  java.awt.Component.dispatchEvent(Ljava/awt/AWTEvent;)V+2
j  java.awt.EventQueue.dispatchEventImpl(Ljava/awt/AWTEvent;Ljava/lang/Object;)V+41
j  java.awt.EventQueue.access$200(Ljava/awt/EventQueue;Ljava/awt/AWTEvent;Ljava/lang/Object;)V+3
j  java.awt.EventQueue$3.run()Ljava/lang/Void;+12
j  java.awt.EventQueue$3.run()Ljava/lang/Object;+1
v  ~StubRoutines::call_stub
J  java.security.AccessController.doPrivileged(Ljava/security/PrivilegedAction;Ljava/security/AccessControlContext;)Ljava/lang/Object;
J  java.security.ProtectionDomain$1.doIntersectionPrivilege(Ljava/security/PrivilegedAction;Ljava/security/AccessControlContext;Ljava/security/AccessControlContext;)Ljava/lang/Object;
j  java.security.ProtectionDomain$1.doIntersectionPrivilege(Ljava/security/PrivilegedAction;Ljava/security/AccessControlContext;)Ljava/lang/Object;+6
j  java.awt.EventQueue$4.run()Ljava/lang/Void;+11
j  java.awt.EventQueue$4.run()Ljava/lang/Object;+1
v  ~StubRoutines::call_stub
J  java.security.AccessController.doPrivileged(Ljava/security/PrivilegedAction;Ljava/security/AccessControlContext;)Ljava/lang/Object;
J  java.security.ProtectionDomain$1.doIntersectionPrivilege(Ljava/security/PrivilegedAction;Ljava/security/AccessControlContext;Ljava/security/AccessControlContext;)Ljava/lang/Object;
j  java.awt.EventQueue.dispatchEvent(Ljava/awt/AWTEvent;)V+73
J  java.awt.EventDispatchThread.pumpOneEventForFilters(I)V
j  java.awt.EventDispatchThread.pumpEventsForFilter(ILjava/awt/Conditional;Ljava/awt/EventFilter;)V+35
j  java.awt.EventDispatchThread.pumpEventsForHierarchy(ILjava/awt/Conditional;Ljava/awt/Component;)V+11
j  java.awt.EventDispatchThread.pumpEvents(ILjava/awt/Conditional;)V+4
j  java.awt.EventDispatchThread.pumpEvents(Ljava/awt/Conditional;)V+3
j  java.awt.EventDispatchThread.run()V+9
v  ~StubRoutines::call_stub

---------------  P R O C E S S  ---------------

Java Threads: ( => current thread )
  0x003e1400 JavaThread "TimerQueue" daemon [_thread_blocked, id=5092, stack(0x06ae0000,0x06b30000)]
  0x003e0800 JavaThread "Swing-Shell" daemon [_thread_blocked, id=4812, stack(0x062e0000,0x06330000)]
  0x003e0000 JavaThread "DestroyJavaVM" [_thread_blocked, id=5424, stack(0x01f10000,0x01f60000)]
=>0x003dfc00 JavaThread "AWT-EventQueue-0" [_thread_in_native, id=4460, stack(0x04f20000,0x04f70000)]
  0x003df400 JavaThread "AWT-Windows" daemon [_thread_in_native, id=2296, stack(0x050a0000,0x050f0000)]
  0x003dec00 JavaThread "AWT-Shutdown" [_thread_blocked, id=4640, stack(0x04fb0000,0x05000000)]
  0x003de800 JavaThread "Java2D Disposer" daemon [_thread_blocked, id=5540, stack(0x04eb0000,0x04f00000)]
  0x003de000 JavaThread "Service Thread" daemon [_thread_blocked, id=5072, stack(0x047c0000,0x04810000)]
  0x003e8c00 JavaThread "C1 CompilerThread0" daemon [_thread_blocked, id=3728, stack(0x049c0000,0x04a10000)]
  0x003ddc00 JavaThread "Attach Listener" daemon [_thread_blocked, id=5480, stack(0x048e0000,0x04930000)]
  0x003dd400 JavaThread "Signal Dispatcher" daemon [_thread_blocked, id=1848, stack(0x04830000,0x04880000)]
  0x00372c00 JavaThread "Finalizer" daemon [_thread_in_native, id=2440, stack(0x04550000,0x045a0000)]
  0x0036dc00 JavaThread "Reference Handler" daemon [_thread_blocked, id=3528, stack(0x045b0000,0x04600000)]

Other Threads:
  0x0036c400 VMThread [stack: 0x023e0000,0x02430000] [id=2332]
  0x003fec00 WatcherThread [stack: 0x04bb0000,0x04c00000] [id=1068]

VM state:not at safepoint (normal execution)

VM Mutex/Monitor currently owned by a thread: None

Heap
 def new generation   total 4928K, used 539K [0x240a0000, 0x245f0000, 0x295f0000)
  eden space 4416K,   3% used [0x240a0000, 0x240c9b18, 0x244f0000)
  from space 512K,  72% used [0x24570000, 0x245cd1b0, 0x245f0000)
  to   space 512K,   0% used [0x244f0000, 0x244f0000, 0x24570000)
 tenured generation   total 10944K, used 2862K [0x295f0000, 0x2a0a0000, 0x340a0000)
   the space 10944K,  26% used [0x295f0000, 0x298bbb88, 0x298bbc00, 0x2a0a0000)
 compacting perm gen  total 12288K, used 2464K [0x340a0000, 0x34ca0000, 0x380a0000)
   the space 12288K,  20% used [0x340a0000, 0x34308200, 0x34308200, 0x34ca0000)
    ro space 10240K,  44% used [0x380a0000, 0x38517e30, 0x38518000, 0x38aa0000)
    rw space 12288K,  52% used [0x38aa0000, 0x390eeb58, 0x390eec00, 0x396a0000)

Card table byte_map: [0x022b0000,0x02360000] byte_map_base: 0x0218fb00

Polling page: 0x001c0000

Code Cache  [0x024a0000, 0x025e0000, 0x044a0000)
 total_blobs=705 nmethods=470 adapters=171 free_code_cache=31495Kb largest_free_block=32251072

Compilation events (10 events):
Event: 19.773 Thread 0x003e8c00  466             javax.swing.text.JTextComponent::getDocument (5 bytes)
Event: 19.773 Thread 0x003e8c00 nmethod 466 0x025dcec8 code [0x025dcfc0, 0x025dd040]
Event: 19.773 Thread 0x003e8c00  467             javax.swing.text.GapContent::getChars (209 bytes)
Event: 19.774 Thread 0x003e8c00 nmethod 467 0x025dd088 code [0x025dd1e0, 0x025dd720]
Event: 19.774 Thread 0x003e8c00  468             javax.swing.text.View::getParent (5 bytes)
Event: 19.774 Thread 0x003e8c00 nmethod 468 0x025ddbc8 code [0x025ddcc0, 0x025ddd40]
Event: 19.774 Thread 0x003e8c00  469   !         java.lang.ref.ReferenceQueue::poll (28 bytes)
Event: 19.774 Thread 0x003e8c00 nmethod 469 0x025ddd88 code [0x025dde90, 0x025de0bc]
Event: 19.780 Thread 0x003e8c00  470             java.util.concurrent.ThreadPoolExecutor::workerCountOf (5 bytes)
Event: 19.780 Thread 0x003e8c00 nmethod 470 0x025de188 code [0x025de280, 0x025de2f0]

GC Heap History (6 events):
Event: 1.656 GC heap before
{Heap before GC invocations=0 (full 0):
 def new generation   total 4928K, used 4416K [0x240a0000, 0x245f0000, 0x295f0000)
  eden space 4416K, 100% used [0x240a0000, 0x244f0000, 0x244f0000)
  from space 512K,   0% used [0x244f0000, 0x244f0000, 0x24570000)
  to   space 512K,   0% used [0x24570000, 0x24570000, 0x245f0000)
 tenured generation   total 10944K, used 0K [0x295f0000, 0x2a0a0000, 0x340a0000)
   the space 10944K,   0% used [0x295f0000, 0x295f0000, 0x295f0200, 0x2a0a0000)
 compacting perm gen  total 12288K, used 2276K [0x340a0000, 0x34ca0000, 0x380a0000)
   the space 12288K,  18% used [0x340a0000, 0x342d92c0, 0x342d9400, 0x34ca0000)
    ro space 10240K,  44% used [0x380a0000, 0x38517e30, 0x38518000, 0x38aa0000)
    rw space 12288K,  52% used [0x38aa0000, 0x390eeb58, 0x390eec00, 0x396a0000)
Event: 1.665 GC heap after
Heap after GC invocations=1 (full 0):
 def new generation   total 4928K, used 512K [0x240a0000, 0x245f0000, 0x295f0000)
  eden space 4416K,   0% used [0x240a0000, 0x240a0000, 0x244f0000)
  from space 512K, 100% used [0x24570000, 0x245f0000, 0x245f0000)
  to   space 512K,   0% used [0x244f0000, 0x244f0000, 0x24570000)
 tenured generation   total 10944K, used 1344K [0x295f0000, 0x2a0a0000, 0x340a0000)
   the space 10944K,  12% used [0x295f0000, 0x29740290, 0x29740400, 0x2a0a0000)
 compacting perm gen  total 12288K, used 2276K [0x340a0000, 0x34ca0000, 0x380a0000)
   the space 12288K,  18% used [0x340a0000, 0x342d92c0, 0x342d9400, 0x34ca0000)
    ro space 10240K,  44% used [0x380a0000, 0x38517e30, 0x38518000, 0x38aa0000)
    rw space 12288K,  52% used [0x38aa0000, 0x390eeb58, 0x390eec00, 0x396a0000)
}
Event: 11.621 GC heap before
{Heap before GC invocations=1 (full 0):
 def new generation   total 4928K, used 4928K [0x240a0000, 0x245f0000, 0x295f0000)
  eden space 4416K, 100% used [0x240a0000, 0x244f0000, 0x244f0000)
  from space 512K, 100% used [0x24570000, 0x245f0000, 0x245f0000)
  to   space 512K,   0% used [0x244f0000, 0x244f0000, 0x24570000)
 tenured generation   total 10944K, used 1344K [0x295f0000, 0x2a0a0000, 0x340a0000)
   the space 10944K,  12% used [0x295f0000, 0x29740290, 0x29740400, 0x2a0a0000)
 compacting perm gen  total 12288K, used 2458K [0x340a0000, 0x34ca0000, 0x380a0000)
   the space 12288K,  20% used [0x340a0000, 0x34306ac0, 0x34306c00, 0x34ca0000)
    ro space 10240K,  44% used [0x380a0000, 0x38517e30, 0x38518000, 0x38aa0000)
    rw space 12288K,  52% used [0x38aa0000, 0x390eeb58, 0x390eec00, 0x396a0000)
Event: 11.635 GC heap after
Heap after GC invocations=2 (full 0):
 def new generation   total 4928K, used 460K [0x240a0000, 0x245f0000, 0x295f0000)
  eden space 4416K,   0% used [0x240a0000, 0x240a0000, 0x244f0000)
  from space 512K,  89% used [0x244f0000, 0x24563288, 0x24570000)
  to   space 512K,   0% used [0x24570000, 0x24570000, 0x245f0000)
 tenured generation   total 10944K, used 2457K [0x295f0000, 0x2a0a0000, 0x340a0000)
   the space 10944K,  22% used [0x295f0000, 0x29856420, 0x29856600, 0x2a0a0000)
 compacting perm gen  total 12288K, used 2458K [0x340a0000, 0x34ca0000, 0x380a0000)
   the space 12288K,  20% used [0x340a0000, 0x34306ac0, 0x34306c00, 0x34ca0000)
    ro space 10240K,  44% used [0x380a0000, 0x38517e30, 0x38518000, 0x38aa0000)
    rw space 12288K,  52% used [0x38aa0000, 0x390eeb58, 0x390eec00, 0x396a0000)
}
Event: 19.774 GC heap before
{Heap before GC invocations=2 (full 0):
 def new generation   total 4928K, used 4876K [0x240a0000, 0x245f0000, 0x295f0000)
  eden space 4416K, 100% used [0x240a0000, 0x244f0000, 0x244f0000)
  from space 512K,  89% used [0x244f0000, 0x24563288, 0x24570000)
  to   space 512K,   0% used [0x24570000, 0x24570000, 0x245f0000)
 tenured generation   total 10944K, used 2457K [0x295f0000, 0x2a0a0000, 0x340a0000)
   the space 10944K,  22% used [0x295f0000, 0x29856420, 0x29856600, 0x2a0a0000)
 compacting perm gen  total 12288K, used 2464K [0x340a0000, 0x34ca0000, 0x380a0000)
   the space 12288K,  20% used [0x340a0000, 0x34308200, 0x34308200, 0x34ca0000)
    ro space 10240K,  44% used [0x380a0000, 0x38517e30, 0x38518000, 0x38aa0000)
    rw space 12288K,  52% used [0x38aa0000, 0x390eeb58, 0x390eec00, 0x396a0000)
Event: 19.779 GC heap after
Heap after GC invocations=3 (full 0):
 def new generation   total 4928K, used 372K [0x240a0000, 0x245f0000, 0x295f0000)
  eden space 4416K,   0% used [0x240a0000, 0x240a0000, 0x244f0000)
  from space 512K,  72% used [0x24570000, 0x245cd1b0, 0x245f0000)
  to   space 512K,   0% used [0x244f0000, 0x244f0000, 0x24570000)
 tenured generation   total 10944K, used 2862K [0x295f0000, 0x2a0a0000, 0x340a0000)
   the space 10944K,  26% used [0x295f0000, 0x298bbb88, 0x298bbc00, 0x2a0a0000)
 compacting perm gen  total 12288K, used 2464K [0x340a0000, 0x34ca0000, 0x380a0000)
   the space 12288K,  20% used [0x340a0000, 0x34308200, 0x34308200, 0x34ca0000)
    ro space 10240K,  44% used [0x380a0000, 0x38517e30, 0x38518000, 0x38aa0000)
    rw space 12288K,  52% used [0x38aa0000, 0x390eeb58, 0x390eec00, 0x396a0000)
}

Deoptimization events (0 events):
No events

Internal exceptions (10 events):
Event: 0.405 Thread 0x003dfc00 Threw 0x243badd8 at C:\re\jdk7u51\527\hotspot\src\share\vm\prims\jvm.cpp:1244
Event: 0.409 Thread 0x003dfc00 Threw 0x243c6168 at C:\re\jdk7u51\527\hotspot\src\share\vm\prims\jvm.cpp:1244
Event: 4.677 Thread 0x003dfc00 Threw 0x2440e6a0 at C:\re\jdk7u51\527\hotspot\src\share\vm\prims\jvm.cpp:1244
Event: 4.677 Thread 0x003dfc00 Threw 0x24412068 at C:\re\jdk7u51\527\hotspot\src\share\vm\prims\jvm.cpp:1244
Event: 4.690 Thread 0x003dfc00 Threw 0x24458ed8 at C:\re\jdk7u51\527\hotspot\src\share\vm\prims\jvm.cpp:1244
Event: 4.692 Thread 0x003dfc00 Threw 0x244632c8 at C:\re\jdk7u51\527\hotspot\src\share\vm\prims\jvm.cpp:1244
Event: 11.596 Thread 0x003dfc00 Threw 0x244d3228 at C:\re\jdk7u51\527\hotspot\src\share\vm\prims\jvm.cpp:1244
Event: 11.600 Thread 0x003dfc00 Threw 0x244d78f0 at C:\re\jdk7u51\527\hotspot\src\share\vm\prims\jvm.cpp:1244
Event: 11.601 Thread 0x003dfc00 Threw 0x244d9750 at C:\re\jdk7u51\527\hotspot\src\share\vm\prims\jvm.cpp:1244
Event: 11.603 Thread 0x003dfc00 Threw 0x244dd858 at C:\re\jdk7u51\527\hotspot\src\share\vm\prims\jvm.cpp:1244

Events (10 events):
Event: 19.781 Executing VM operation: RevokeBias
Event: 19.781 Executing VM operation: RevokeBias done
Event: 19.781 Executing VM operation: RevokeBias
Event: 19.781 Executing VM operation: RevokeBias done
Event: 19.782 Executing VM operation: RevokeBias
Event: 19.782 Executing VM operation: RevokeBias done
Event: 19.782 Executing VM operation: RevokeBias
Event: 19.782 Executing VM operation: RevokeBias done
Event: 19.783 Executing VM operation: RevokeBias
Event: 19.783 Executing VM operation: RevokeBias done


Dynamic libraries:
0x00010000 - 0x0003f000 	C:\Program Files (x86)\Java\jdk1.7.0_51\jre\bin\java.exe
0x77690000 - 0x77810000 	C:\Windows\SysWOW64\ntdll.dll
0x762b0000 - 0x763b0000 	C:\Windows\syswow64\kernel32.dll
0x76d50000 - 0x76d96000 	C:\Windows\syswow64\KERNELBASE.dll
0x75280000 - 0x75320000 	C:\Windows\syswow64\ADVAPI32.dll
0x76da0000 - 0x76e4c000 	C:\Windows\syswow64\msvcrt.dll
0x75260000 - 0x75279000 	C:\Windows\SysWOW64\sechost.dll
0x76780000 - 0x76870000 	C:\Windows\syswow64\RPCRT4.dll
0x75200000 - 0x75260000 	C:\Windows\syswow64\SspiCli.dll
0x751f0000 - 0x751fc000 	C:\Windows\syswow64\CRYPTBASE.dll
0x76680000 - 0x76780000 	C:\Windows\syswow64\USER32.dll
0x765e0000 - 0x76670000 	C:\Windows\syswow64\GDI32.dll
0x760b0000 - 0x760ba000 	C:\Windows\syswow64\LPK.dll
0x763f0000 - 0x7648d000 	C:\Windows\syswow64\USP10.dll
0x73380000 - 0x7351e000 	C:\Windows\WinSxS\x86_microsoft.windows.common-controls_6595b64144ccf1df_6.0.7600.16385_none_421189da2b7fabfc\COMCTL32.dll
0x77230000 - 0x77287000 	C:\Windows\syswow64\SHLWAPI.dll
0x76870000 - 0x768d0000 	C:\Windows\system32\IMM32.DLL
0x76f40000 - 0x7700c000 	C:\Windows\syswow64\MSCTF.dll
0x6f010000 - 0x6f0cf000 	C:\Program Files (x86)\Java\jdk1.7.0_51\jre\bin\msvcr100.dll
0x6f0d0000 - 0x6f450000 	C:\Program Files (x86)\Java\jdk1.7.0_51\jre\bin\client\jvm.dll
0x73f10000 - 0x73f17000 	C:\Windows\system32\WSOCK32.dll
0x768d0000 - 0x76905000 	C:\Windows\syswow64\WS2_32.dll
0x77660000 - 0x77666000 	C:\Windows\syswow64\NSI.dll
0x73220000 - 0x73252000 	C:\Windows\system32\WINMM.dll
0x76670000 - 0x76675000 	C:\Windows\syswow64\PSAPI.DLL
0x73930000 - 0x7393c000 	C:\Program Files (x86)\Java\jdk1.7.0_51\jre\bin\verify.dll
0x73910000 - 0x73930000 	C:\Program Files (x86)\Java\jdk1.7.0_51\jre\bin\java.dll
0x738f0000 - 0x73903000 	C:\Program Files (x86)\Java\jdk1.7.0_51\jre\bin\zip.dll
0x6ee70000 - 0x6efb3000 	C:\Program Files (x86)\Java\jdk1.7.0_51\jre\bin\awt.dll
0x76e50000 - 0x76edf000 	C:\Windows\syswow64\OLEAUT32.dll
0x76b90000 - 0x76cec000 	C:\Windows\syswow64\ole32.dll
0x748c0000 - 0x74940000 	C:\Windows\system32\uxtheme.dll
0x74a20000 - 0x74a33000 	C:\Windows\system32\dwmapi.dll
0x75460000 - 0x760a9000 	C:\Windows\syswow64\SHELL32.dll
0x6ee30000 - 0x6ee69000 	C:\Program Files (x86)\Java\jdk1.7.0_51\jre\bin\fontmanager.dll
0x770a0000 - 0x77123000 	C:\Windows\syswow64\CLBCatQ.DLL
0x6ecd0000 - 0x6edcb000 	C:\Windows\system32\WindowsCodecs.dll
0x73e30000 - 0x73e7b000 	C:\Windows\system32\apphelp.dll
0x6ec50000 - 0x6ec81000 	C:\Windows\system32\EhStorShell.dll
0x76110000 - 0x762ad000 	C:\Windows\syswow64\SETUPAPI.dll
0x765b0000 - 0x765d7000 	C:\Windows\syswow64\CFGMGR32.dll
0x763d0000 - 0x763e2000 	C:\Windows\syswow64\DEVOBJ.dll
0x72eb0000 - 0x72fa5000 	C:\Windows\system32\PROPSYS.dll
0x6eb70000 - 0x6ebdf000 	C:\Windows\system32\ntshrui.dll
0x731d0000 - 0x731e9000 	C:\Windows\system32\srvcli.dll
0x750f0000 - 0x750fb000 	C:\Windows\system32\cscapi.dll
0x6ecc0000 - 0x6ecca000 	C:\Windows\system32\slc.dll
0x72e30000 - 0x72e44000 	C:\Program Files (x86)\Java\jdk1.7.0_51\jre\bin\net.dll
0x74a40000 - 0x74a7c000 	C:\Windows\system32\mswsock.dll
0x6f450000 - 0x6f456000 	C:\Windows\System32\wship6.dll
0x6efc0000 - 0x6efcf000 	C:\Program Files (x86)\Java\jdk1.7.0_51\jre\bin\nio.dll
0x6ee00000 - 0x6ee30000 	C:\Program Files (x86)\Java\jdk1.7.0_51\jre\bin\t2k.dll
0x77010000 - 0x77094000 	C:\Windows\WinSxS\x86_microsoft.windows.common-controls_6595b64144ccf1df_5.82.7600.16385_none_ebf82fc36c758ad5\comctl32.dll
0x750c0000 - 0x750e1000 	C:\Windows\system32\ntmarta.dll
0x760c0000 - 0x76105000 	C:\Windows\syswow64\WLDAP32.dll
0x6dd50000 - 0x6dee8000 	C:\Windows\system32\NetworkExplorer.dll
0x6ec10000 - 0x6ec3e000 	C:\Windows\System32\shdocvw.dll
0x73260000 - 0x7326b000 	C:\Windows\system32\profapi.dll
0x6ebf0000 - 0x6ec02000 	C:\Windows\system32\MPR.dll
0x6ebe0000 - 0x6ebe8000 	C:\Windows\System32\drprov.dll
0x6dd20000 - 0x6dd49000 	C:\Windows\System32\WINSTA.dll
0x6dd00000 - 0x6dd14000 	C:\Windows\System32\ntlanman.dll
0x6dce0000 - 0x6dcf6000 	C:\Windows\System32\davclnt.dll
0x6dcd0000 - 0x6dcd8000 	C:\Windows\System32\DAVHLPR.dll
0x731c0000 - 0x731cf000 	C:\Windows\system32\wkscli.dll
0x731f0000 - 0x731f9000 	C:\Windows\system32\netutils.dll
0x6d850000 - 0x6da88000 	C:\Windows\system32\wpdshext.dll
0x746d0000 - 0x74860000 	C:\Windows\WinSxS\x86_microsoft.windows.gdiplus_6595b64144ccf1df_1.1.7600.16385_none_72fc7cbf861225ca\gdiplus.dll
0x6dc40000 - 0x6dcc9000 	C:\Windows\system32\PortableDeviceApi.dll
0x76ee0000 - 0x76f0d000 	C:\Windows\syswow64\WINTRUST.dll
0x76490000 - 0x765ac000 	C:\Windows\syswow64\CRYPT32.dll
0x763b0000 - 0x763bc000 	C:\Windows\syswow64\MSASN1.dll
0x6dbc0000 - 0x6dbff000 	C:\Windows\system32\audiodev.dll
0x6d5e0000 - 0x6d847000 	C:\Windows\system32\WMVCore.DLL
0x6dc00000 - 0x6dc3d000 	C:\Windows\system32\WMASF.DLL
0x6db90000 - 0x6dbb2000 	C:\Windows\system32\EhStorAPI.dll
0x6db80000 - 0x6db89000 	C:\Windows\system32\LINKINFO.dll
0x6ec90000 - 0x6ecb4000 	C:\Program Files (x86)\Java\jdk1.7.0_51\jre\bin\dcpr.dll
0x10000000 - 0x10046000 	D:\Set up\Office\unikey40RC2-1101-win32\UKHook40.dll
0x06b30000 - 0x06f93000 	E:\NetBeansProjects\WeightedCliqueProblem\lib\jipopt.dll
0x6da90000 - 0x6db7b000 	C:\Windows\system32\dbghelp.dll

VM Arguments:
jvm_args: -Dfile.encoding=UTF-8 
java_command: weightedcliqueproblem.view.MainFrame
Launcher Type: SUN_STANDARD

Environment Variables:
JAVA_HOME=C:\Program Files (x86)\Java\jdk1.7.0_51
PATH=C:\apache-maven-3.2.1\bin;C:\Program Files (x86)\AMD APP\bin\x86_64;C:\Program Files (x86)\Java\jdk1.7.0_51\bin;C:\Windows\system32;C:\Windows;C:\Windows\System32\Wbem;C:\Windows\System32\WindowsPowerShell\v1.0\;C:\Program Files (x86)\Microsoft SQL Server\90\Tools\binn\;C:\Program Files\Microsoft\Web Platform Installer\
USERNAME=TungNT
OS=Windows_NT
PROCESSOR_IDENTIFIER=Intel64 Family 6 Model 42 Stepping 7, GenuineIntel



---------------  S Y S T E M  ---------------

OS: Windows 7 , 64 bit Build 7600 

CPU:total 4 (2 cores per cpu, 2 threads per core) family 6 model 42 stepping 7, cmov, cx8, fxsr, mmx, sse, sse2, sse3, ssse3, sse4.1, sse4.2, popcnt, aes, ht, tsc, tscinvbit

Memory: 4k page, physical 4085932k(2223544k free), swap 8169968k(6137140k free)

vm_info: Java HotSpot(TM) Client VM (24.51-b03) for windows-x86 JRE (1.7.0_51-b13), built on Dec 18 2013 19:09:58 by "java_re" with unknown MS VC++:1600

time: Fri Mar 21 09:57:52 2014
elapsed time: 19 seconds

