#
# A fatal error has been detected by the Java Runtime Environment:
#
#  EXCEPTION_ACCESS_VIOLATION (0xc0000005) at pc=0x06b485d8, pid=2596, tid=2412
#
# JRE version: Java(TM) SE Runtime Environment (7.0_51-b13) (build 1.7.0_51-b13)
# Java VM: Java HotSpot(TM) Client VM (24.51-b03 mixed mode, sharing windows-x86 )
# Problematic frame:
# C  [jipopt.dll+0x485d8]
#
# Failed to write core dump. Minidumps are not enabled by default on client versions of Windows
#
# If you would like to submit a bug report, please visit:
#   http://bugreport.sun.com/bugreport/crash.jsp
# The crash happened outside the Java Virtual Machine in native code.
# See problematic frame for where to report the bug.
#

---------------  T H R E A D  ---------------

Current thread (0x04a8b400):  JavaThread "AWT-EventQueue-0" [_thread_in_native, id=2412, stack(0x055a0000,0x055f0000)]

siginfo: ExceptionCode=0xc0000005, reading address 0x00000000

Registers:
EAX=0x00000000, EBX=0x00000001, ECX=0x061a2658, EDX=0x061c3b80
ESP=0x055ed520, EBP=0x061a3820, ESI=0x061c0230, EDI=0x00000000
EIP=0x06b485d8, EFLAGS=0x00010202

Top of Stack: (sp=0x055ed520)
0x055ed520:   061c3b80 06197270 061c0170 06ec6294
0x055ed530:   00000000 003e0000 061c0488 06e69f92
0x055ed540:   055ed520 00a4001d 00000111 00000001
0x055ed550:   c101dc17 fffffffe 061bff48 00000001
0x055ed560:   061c0480 055ed57c 7768dea3 061c0488
0x055ed570:   00000000 061c0488 061c0480 055ed5c8
0x055ed580:   00006f85 003e0000 09d1b7ce 402143bb
0x055ed590:   061a3ad0 00000000 061a3080 061c0488 

Instructions: (pc=0x06b485d8)
0x06b485b8:   44 24 50 8b 71 20 8b 5e 08 85 db 0f 8e 5a f9 ff
0x06b485c8:   ff bb 01 00 00 00 66 90 8b 44 9d fc 8b 7c 24 50
0x06b485d8:   8b 54 df f8 8b 4c df fc 8b 7c 24 70 89 14 c7 89
0x06b485e8:   4c c7 04 89 d8 43 39 46 08 7f dd e9 2b f9 ff ff 


Register to memory mapping:

EAX=0x00000000 is an unknown value
EBX=0x00000001 is an unknown value
ECX=0x061a2658 is an unknown value
EDX=0x061c3b80 is an unknown value
ESP=0x055ed520 is pointing into the stack for thread: 0x04a8b400
EBP=0x061a3820 is an unknown value
ESI=0x061c0230 is an unknown value
EDI=0x00000000 is an unknown value


Stack: [0x055a0000,0x055f0000],  sp=0x055ed520,  free space=309k
Native frames: (J=compiled Java code, j=interpreted, Vv=VM code, C=native code)
C  [jipopt.dll+0x485d8]

Java frames: (J=compiled Java code, j=interpreted, Vv=VM code)
j  org.coinor.Ipopt.IpoptSolve(J[D[D[D[D[D[D[D[D[D)I+0
j  org.coinor.Ipopt.solve([D)I+48
j  weightedcliqueproblem.control.BranchBound.branchBound(Lweightedcliqueproblem/model/SubProblem;)V+7
j  weightedcliqueproblem.control.BranchBound.branchBound(Lweightedcliqueproblem/model/SubProblem;)V+214
j  weightedcliqueproblem.control.BranchBound.<init>(Lweightedcliqueproblem/model/Problem;)V+95
j  weightedcliqueproblem.view.MainFrame.bttSolveActionPerformed(Ljava/awt/event/ActionEvent;)V+15
j  weightedcliqueproblem.view.MainFrame.access$200(Lweightedcliqueproblem/view/MainFrame;Ljava/awt/event/ActionEvent;)V+2
j  weightedcliqueproblem.view.MainFrame$3.actionPerformed(Ljava/awt/event/ActionEvent;)V+5
j  javax.swing.AbstractButton.fireActionPerformed(Ljava/awt/event/ActionEvent;)V+84
j  javax.swing.AbstractButton$Handler.actionPerformed(Ljava/awt/event/ActionEvent;)V+5
j  javax.swing.DefaultButtonModel.fireActionPerformed(Ljava/awt/event/ActionEvent;)V+35
j  javax.swing.DefaultButtonModel.setPressed(Z)V+117
j  javax.swing.plaf.basic.BasicButtonListener.mouseReleased(Ljava/awt/event/MouseEvent;)V+35
j  java.awt.Component.processMouseEvent(Ljava/awt/event/MouseEvent;)V+64
j  javax.swing.JComponent.processMouseEvent(Ljava/awt/event/MouseEvent;)V+23
j  java.awt.Component.processEvent(Ljava/awt/AWTEvent;)V+81
j  java.awt.Container.processEvent(Ljava/awt/AWTEvent;)V+18
j  java.awt.Component.dispatchEventImpl(Ljava/awt/AWTEvent;)V+581
j  java.awt.Container.dispatchEventImpl(Ljava/awt/AWTEvent;)V+42
j  java.awt.Component.dispatchEvent(Ljava/awt/AWTEvent;)V+2
j  java.awt.LightweightDispatcher.retargetMouseEvent(Ljava/awt/Component;ILjava/awt/event/MouseEvent;)V+327
j  java.awt.LightweightDispatcher.processMouseEvent(Ljava/awt/event/MouseEvent;)Z+139
j  java.awt.LightweightDispatcher.dispatchEvent(Ljava/awt/AWTEvent;)Z+50
j  java.awt.Container.dispatchEventImpl(Ljava/awt/AWTEvent;)V+12
j  java.awt.Window.dispatchEventImpl(Ljava/awt/AWTEvent;)V+19
j  java.awt.Component.dispatchEvent(Ljava/awt/AWTEvent;)V+2
j  java.awt.EventQueue.dispatchEventImpl(Ljava/awt/AWTEvent;Ljava/lang/Object;)V+41
j  java.awt.EventQueue.access$200(Ljava/awt/EventQueue;Ljava/awt/AWTEvent;Ljava/lang/Object;)V+3
j  java.awt.EventQueue$3.run()Ljava/lang/Void;+12
j  java.awt.EventQueue$3.run()Ljava/lang/Object;+1
v  ~StubRoutines::call_stub
j  java.security.AccessController.doPrivileged(Ljava/security/PrivilegedAction;Ljava/security/AccessControlContext;)Ljava/lang/Object;+0
j  java.security.ProtectionDomain$1.doIntersectionPrivilege(Ljava/security/PrivilegedAction;Ljava/security/AccessControlContext;Ljava/security/AccessControlContext;)Ljava/lang/Object;+28
j  java.security.ProtectionDomain$1.doIntersectionPrivilege(Ljava/security/PrivilegedAction;Ljava/security/AccessControlContext;)Ljava/lang/Object;+6
j  java.awt.EventQueue$4.run()Ljava/lang/Void;+11
j  java.awt.EventQueue$4.run()Ljava/lang/Object;+1
v  ~StubRoutines::call_stub
j  java.security.AccessController.doPrivileged(Ljava/security/PrivilegedAction;Ljava/security/AccessControlContext;)Ljava/lang/Object;+0
j  java.security.ProtectionDomain$1.doIntersectionPrivilege(Ljava/security/PrivilegedAction;Ljava/security/AccessControlContext;Ljava/security/AccessControlContext;)Ljava/lang/Object;+28
j  java.awt.EventQueue.dispatchEvent(Ljava/awt/AWTEvent;)V+73
j  java.awt.EventDispatchThread.pumpOneEventForFilters(I)V+245
j  java.awt.EventDispatchThread.pumpEventsForFilter(ILjava/awt/Conditional;Ljava/awt/EventFilter;)V+35
j  java.awt.EventDispatchThread.pumpEventsForHierarchy(ILjava/awt/Conditional;Ljava/awt/Component;)V+11
j  java.awt.EventDispatchThread.pumpEvents(ILjava/awt/Conditional;)V+4
j  java.awt.EventDispatchThread.pumpEvents(Ljava/awt/Conditional;)V+3
j  java.awt.EventDispatchThread.run()V+9
v  ~StubRoutines::call_stub

---------------  P R O C E S S  ---------------

Java Threads: ( => current thread )
  0x04c0b000 JavaThread "TimerQueue" daemon [_thread_blocked, id=4560, stack(0x06340000,0x06390000)]
  0x04b59c00 JavaThread "Swing-Shell" daemon [_thread_blocked, id=4188, stack(0x06800000,0x06850000)]
  0x0207bc00 JavaThread "DestroyJavaVM" [_thread_blocked, id=3780, stack(0x00390000,0x003e0000)]
=>0x04a8b400 JavaThread "AWT-EventQueue-0" [_thread_in_native, id=2412, stack(0x055a0000,0x055f0000)]
  0x04a7e400 JavaThread "AWT-Windows" daemon [_thread_in_native, id=2112, stack(0x04ea0000,0x04ef0000)]
  0x04a7d800 JavaThread "AWT-Shutdown" [_thread_blocked, id=6372, stack(0x04e50000,0x04ea0000)]
  0x04a7ac00 JavaThread "Java2D Disposer" daemon [_thread_blocked, id=5260, stack(0x04ef0000,0x04f40000)]
  0x02135c00 JavaThread "Service Thread" daemon [_thread_blocked, id=5252, stack(0x04910000,0x04960000)]
  0x02131800 JavaThread "C1 CompilerThread0" daemon [_thread_blocked, id=5396, stack(0x04850000,0x048a0000)]
  0x02130400 JavaThread "Attach Listener" daemon [_thread_blocked, id=4740, stack(0x046d0000,0x04720000)]
  0x0212d000 JavaThread "Signal Dispatcher" daemon [_thread_blocked, id=6000, stack(0x04540000,0x04590000)]
  0x020c2c00 JavaThread "Finalizer" daemon [_thread_blocked, id=4184, stack(0x04650000,0x046a0000)]
  0x020bdc00 JavaThread "Reference Handler" daemon [_thread_blocked, id=1280, stack(0x045f0000,0x04640000)]

Other Threads:
  0x020bbc00 VMThread [stack: 0x04360000,0x043b0000] [id=5108]
  0x02148800 WatcherThread [stack: 0x04a10000,0x04a60000] [id=6416]

VM state:not at safepoint (normal execution)

VM Mutex/Monitor currently owned by a thread: None

Heap
 def new generation   total 4928K, used 1364K [0x240a0000, 0x245f0000, 0x295f0000)
  eden space 4416K,  19% used [0x240a0000, 0x2417c9a0, 0x244f0000)
  from space 512K,  94% used [0x244f0000, 0x245686f0, 0x24570000)
  to   space 512K,   0% used [0x24570000, 0x24570000, 0x245f0000)
 tenured generation   total 10944K, used 2466K [0x295f0000, 0x2a0a0000, 0x340a0000)
   the space 10944K,  22% used [0x295f0000, 0x298588d0, 0x29858a00, 0x2a0a0000)
 compacting perm gen  total 12288K, used 2450K [0x340a0000, 0x34ca0000, 0x380a0000)
   the space 12288K,  19% used [0x340a0000, 0x34304ae0, 0x34304c00, 0x34ca0000)
    ro space 10240K,  44% used [0x380a0000, 0x38517e30, 0x38518000, 0x38aa0000)
    rw space 12288K,  52% used [0x38aa0000, 0x390eeb58, 0x390eec00, 0x396a0000)

Card table byte_map: [0x04280000,0x04330000] byte_map_base: 0x0415fb00

Polling page: 0x00130000

Code Cache  [0x02280000, 0x02390000, 0x04280000)
 total_blobs=554 nmethods=320 adapters=171 free_code_cache=31703Kb largest_free_block=32464192

Compilation events (10 events):
Event: 8.289 Thread 0x02131800  316             Jama.QRDecomposition::<init> (285 bytes)
Event: 8.290 Thread 0x02131800 nmethod 316 0x02387608 code [0x023877b0, 0x02387c58]
Event: 8.292 Thread 0x02131800  317   !         Jama.Matrix::getMatrix (98 bytes)
Event: 8.293 Thread 0x02131800 nmethod 317 0x02388688 code [0x023887b0, 0x02388a3c]
Event: 8.297 Thread 0x02131800  318             Jama.util.Maths::hypot (74 bytes)
Event: 8.297 Thread 0x02131800 nmethod 318 0x02388f08 code [0x02389030, 0x02389150]
Event: 8.302 Thread 0x02131800  319             weightedcliqueproblem.model.SubProblem::eval_g (78 bytes)
Event: 8.302 Thread 0x02131800 nmethod 319 0x02389188 code [0x02389290, 0x023893c0]
Event: 8.302 Thread 0x02131800  320             weightedcliqueproblem.model.SubProblem::eval_f (121 bytes)
Event: 8.303 Thread 0x02131800 nmethod 320 0x02389588 code [0x02389720, 0x023899f4]

GC Heap History (4 events):
Event: 2.181 GC heap before
{Heap before GC invocations=0 (full 0):
 def new generation   total 4928K, used 4416K [0x240a0000, 0x245f0000, 0x295f0000)
  eden space 4416K, 100% used [0x240a0000, 0x244f0000, 0x244f0000)
  from space 512K,   0% used [0x244f0000, 0x244f0000, 0x24570000)
  to   space 512K,   0% used [0x24570000, 0x24570000, 0x245f0000)
 tenured generation   total 10944K, used 0K [0x295f0000, 0x2a0a0000, 0x340a0000)
   the space 10944K,   0% used [0x295f0000, 0x295f0000, 0x295f0200, 0x2a0a0000)
 compacting perm gen  total 12288K, used 2287K [0x340a0000, 0x34ca0000, 0x380a0000)
   the space 12288K,  18% used [0x340a0000, 0x342dbed0, 0x342dc000, 0x34ca0000)
    ro space 10240K,  44% used [0x380a0000, 0x38517e30, 0x38518000, 0x38aa0000)
    rw space 12288K,  52% used [0x38aa0000, 0x390eeb58, 0x390eec00, 0x396a0000)
Event: 2.196 GC heap after
Heap after GC invocations=1 (full 0):
 def new generation   total 4928K, used 512K [0x240a0000, 0x245f0000, 0x295f0000)
  eden space 4416K,   0% used [0x240a0000, 0x240a0000, 0x244f0000)
  from space 512K, 100% used [0x24570000, 0x245f0000, 0x245f0000)
  to   space 512K,   0% used [0x244f0000, 0x244f0000, 0x24570000)
 tenured generation   total 10944K, used 1353K [0x295f0000, 0x2a0a0000, 0x340a0000)
   the space 10944K,  12% used [0x295f0000, 0x29742718, 0x29742800, 0x2a0a0000)
 compacting perm gen  total 12288K, used 2287K [0x340a0000, 0x34ca0000, 0x380a0000)
   the space 12288K,  18% used [0x340a0000, 0x342dbed0, 0x342dc000, 0x34ca0000)
    ro space 10240K,  44% used [0x380a0000, 0x38517e30, 0x38518000, 0x38aa0000)
    rw space 12288K,  52% used [0x38aa0000, 0x390eeb58, 0x390eec00, 0x396a0000)
}
Event: 8.279 GC heap before
{Heap before GC invocations=1 (full 0):
 def new generation   total 4928K, used 4928K [0x240a0000, 0x245f0000, 0x295f0000)
  eden space 4416K, 100% used [0x240a0000, 0x244f0000, 0x244f0000)
  from space 512K, 100% used [0x24570000, 0x245f0000, 0x245f0000)
  to   space 512K,   0% used [0x244f0000, 0x244f0000, 0x24570000)
 tenured generation   total 10944K, used 1353K [0x295f0000, 0x2a0a0000, 0x340a0000)
   the space 10944K,  12% used [0x295f0000, 0x29742718, 0x29742800, 0x2a0a0000)
 compacting perm gen  total 12288K, used 2449K [0x340a0000, 0x34ca0000, 0x380a0000)
   the space 12288K,  19% used [0x340a0000, 0x34304560, 0x34304600, 0x34ca0000)
    ro space 10240K,  44% used [0x380a0000, 0x38517e30, 0x38518000, 0x38aa0000)
    rw space 12288K,  52% used [0x38aa0000, 0x390eeb58, 0x390eec00, 0x396a0000)
Event: 8.285 GC heap after
Heap after GC invocations=2 (full 0):
 def new generation   total 4928K, used 481K [0x240a0000, 0x245f0000, 0x295f0000)
  eden space 4416K,   0% used [0x240a0000, 0x240a0000, 0x244f0000)
  from space 512K,  94% used [0x244f0000, 0x245686f0, 0x24570000)
  to   space 512K,   0% used [0x24570000, 0x24570000, 0x245f0000)
 tenured generation   total 10944K, used 2466K [0x295f0000, 0x2a0a0000, 0x340a0000)
   the space 10944K,  22% used [0x295f0000, 0x298588d0, 0x29858a00, 0x2a0a0000)
 compacting perm gen  total 12288K, used 2449K [0x340a0000, 0x34ca0000, 0x380a0000)
   the space 12288K,  19% used [0x340a0000, 0x34304560, 0x34304600, 0x34ca0000)
    ro space 10240K,  44% used [0x380a0000, 0x38517e30, 0x38518000, 0x38aa0000)
    rw space 12288K,  52% used [0x38aa0000, 0x390eeb58, 0x390eec00, 0x396a0000)
}

Deoptimization events (0 events):
No events

Internal exceptions (10 events):
Event: 0.356 Thread 0x04a8b400 Threw 0x243ba350 at C:\re\jdk7u51\527\hotspot\src\share\vm\prims\jvm.cpp:1244
Event: 5.898 Thread 0x04a8b400 Threw 0x243f8108 at C:\re\jdk7u51\527\hotspot\src\share\vm\prims\jvm.cpp:1244
Event: 5.900 Thread 0x04a8b400 Threw 0x243fb898 at C:\re\jdk7u51\527\hotspot\src\share\vm\prims\jvm.cpp:1244
Event: 5.910 Thread 0x04a8b400 Threw 0x24439cb8 at C:\re\jdk7u51\527\hotspot\src\share\vm\prims\jvm.cpp:1244
Event: 5.911 Thread 0x04a8b400 Threw 0x244480a8 at C:\re\jdk7u51\527\hotspot\src\share\vm\prims\jvm.cpp:1244
Event: 8.252 Thread 0x04a8b400 Threw 0x244b7080 at C:\re\jdk7u51\527\hotspot\src\share\vm\prims\jvm.cpp:1244
Event: 8.254 Thread 0x04a8b400 Threw 0x244bac88 at C:\re\jdk7u51\527\hotspot\src\share\vm\prims\jvm.cpp:1244
Event: 8.255 Thread 0x04a8b400 Threw 0x244be6f0 at C:\re\jdk7u51\527\hotspot\src\share\vm\prims\jvm.cpp:1244
Event: 8.273 Thread 0x04a8b400 Threw 0x244d6d18 at C:\re\jdk7u51\527\hotspot\src\share\vm\prims\jvm.cpp:1244
Event: 8.275 Thread 0x04a8b400 Threw 0x244db8a0 at C:\re\jdk7u51\527\hotspot\src\share\vm\prims\jvm.cpp:1244

Events (10 events):
Event: 8.288 Executing VM operation: RevokeBias
Event: 8.288 Executing VM operation: RevokeBias done
Event: 8.288 Executing VM operation: RevokeBias
Event: 8.288 Executing VM operation: RevokeBias done
Event: 8.288 Executing VM operation: BulkRevokeBias
Event: 8.288 Executing VM operation: BulkRevokeBias done
Event: 8.288 Executing VM operation: RevokeBias
Event: 8.288 Executing VM operation: RevokeBias done
Event: 8.288 Executing VM operation: RevokeBias
Event: 8.288 Executing VM operation: RevokeBias done


Dynamic libraries:
0x003f0000 - 0x0041f000 	C:\Program Files (x86)\Java\jdk1.7.0_51\jre\bin\java.exe
0x77660000 - 0x777e0000 	C:\Windows\SysWOW64\ntdll.dll
0x753d0000 - 0x754d0000 	C:\Windows\syswow64\kernel32.dll
0x765c0000 - 0x76606000 	C:\Windows\syswow64\KERNELBASE.dll
0x75ee0000 - 0x75f80000 	C:\Windows\syswow64\ADVAPI32.dll
0x76510000 - 0x765bc000 	C:\Windows\syswow64\msvcrt.dll
0x759f0000 - 0x75a09000 	C:\Windows\SysWOW64\sechost.dll
0x75db0000 - 0x75ea0000 	C:\Windows\syswow64\RPCRT4.dll
0x751d0000 - 0x75230000 	C:\Windows\syswow64\SspiCli.dll
0x751c0000 - 0x751cc000 	C:\Windows\syswow64\CRYPTBASE.dll
0x758e0000 - 0x759e0000 	C:\Windows\syswow64\USER32.dll
0x76080000 - 0x76110000 	C:\Windows\syswow64\GDI32.dll
0x76410000 - 0x7641a000 	C:\Windows\syswow64\LPK.dll
0x754d0000 - 0x7556d000 	C:\Windows\syswow64\USP10.dll
0x73350000 - 0x734ee000 	C:\Windows\WinSxS\x86_microsoft.windows.common-controls_6595b64144ccf1df_6.0.7600.16385_none_421189da2b7fabfc\COMCTL32.dll
0x76390000 - 0x763e7000 	C:\Windows\syswow64\SHLWAPI.dll
0x764b0000 - 0x76510000 	C:\Windows\system32\IMM32.DLL
0x75c00000 - 0x75ccc000 	C:\Windows\syswow64\MSCTF.dll
0x6ad20000 - 0x6addf000 	C:\Program Files (x86)\Java\jdk1.7.0_51\jre\bin\msvcr100.dll
0x6ade0000 - 0x6b160000 	C:\Program Files (x86)\Java\jdk1.7.0_51\jre\bin\client\jvm.dll
0x74890000 - 0x74897000 	C:\Windows\system32\WSOCK32.dll
0x75ea0000 - 0x75ed5000 	C:\Windows\syswow64\WS2_32.dll
0x77630000 - 0x77636000 	C:\Windows\syswow64\NSI.dll
0x731f0000 - 0x73222000 	C:\Windows\system32\WINMM.dll
0x759e0000 - 0x759e5000 	C:\Windows\syswow64\PSAPI.DLL
0x6ff30000 - 0x6ff3c000 	C:\Program Files (x86)\Java\jdk1.7.0_51\jre\bin\verify.dll
0x6f670000 - 0x6f690000 	C:\Program Files (x86)\Java\jdk1.7.0_51\jre\bin\java.dll
0x6ad00000 - 0x6ad13000 	C:\Program Files (x86)\Java\jdk1.7.0_51\jre\bin\zip.dll
0x6ab50000 - 0x6ac93000 	C:\Program Files (x86)\Java\jdk1.7.0_51\jre\bin\awt.dll
0x75af0000 - 0x75b7f000 	C:\Windows\syswow64\OLEAUT32.dll
0x76110000 - 0x7626c000 	C:\Windows\syswow64\ole32.dll
0x75040000 - 0x750c0000 	C:\Windows\system32\uxtheme.dll
0x74f20000 - 0x74f33000 	C:\Windows\system32\dwmapi.dll
0x76610000 - 0x77259000 	C:\Windows\syswow64\SHELL32.dll
0x6ab10000 - 0x6ab49000 	C:\Program Files (x86)\Java\jdk1.7.0_51\jre\bin\fontmanager.dll
0x76420000 - 0x764a3000 	C:\Windows\syswow64\CLBCatQ.DLL
0x6aa10000 - 0x6ab0b000 	C:\Windows\system32\WindowsCodecs.dll
0x6f870000 - 0x6f8bb000 	C:\Windows\system32\apphelp.dll
0x6a9d0000 - 0x6aa01000 	C:\Windows\system32\EhStorShell.dll
0x75230000 - 0x753cd000 	C:\Windows\syswow64\SETUPAPI.dll
0x75d70000 - 0x75d97000 	C:\Windows\syswow64\CFGMGR32.dll
0x763f0000 - 0x76402000 	C:\Windows\syswow64\DEVOBJ.dll
0x70d50000 - 0x70e45000 	C:\Windows\system32\PROPSYS.dll
0x6b160000 - 0x6b1cf000 	C:\Windows\system32\ntshrui.dll
0x731a0000 - 0x731b9000 	C:\Windows\system32\srvcli.dll
0x73150000 - 0x7315b000 	C:\Windows\system32\cscapi.dll
0x6bb40000 - 0x6bb4a000 	C:\Windows\system32\slc.dll
0x6ace0000 - 0x6acf4000 	C:\Program Files (x86)\Java\jdk1.7.0_51\jre\bin\net.dll
0x75000000 - 0x7503c000 	C:\Windows\system32\mswsock.dll
0x6fcd0000 - 0x6fcd6000 	C:\Windows\System32\wship6.dll
0x6f660000 - 0x6f66f000 	C:\Program Files (x86)\Java\jdk1.7.0_51\jre\bin\nio.dll
0x68e50000 - 0x68e80000 	C:\Program Files (x86)\Java\jdk1.7.0_51\jre\bin\t2k.dll
0x75a60000 - 0x75ae4000 	C:\Windows\WinSxS\x86_microsoft.windows.common-controls_6595b64144ccf1df_5.82.7600.16385_none_ebf82fc36c758ad5\comctl32.dll
0x730c0000 - 0x730e1000 	C:\Windows\system32\ntmarta.dll
0x75a10000 - 0x75a55000 	C:\Windows\syswow64\WLDAP32.dll
0x72d80000 - 0x72f18000 	C:\Windows\system32\NetworkExplorer.dll
0x73ed0000 - 0x73efe000 	C:\Windows\System32\shdocvw.dll
0x73230000 - 0x7323b000 	C:\Windows\system32\profapi.dll
0x73f20000 - 0x73f32000 	C:\Windows\system32\MPR.dll
0x73f10000 - 0x73f18000 	C:\Windows\System32\drprov.dll
0x73ea0000 - 0x73ec9000 	C:\Windows\System32\WINSTA.dll
0x73e80000 - 0x73e94000 	C:\Windows\System32\ntlanman.dll
0x730a0000 - 0x730b6000 	C:\Windows\System32\davclnt.dll
0x73090000 - 0x73098000 	C:\Windows\System32\DAVHLPR.dll
0x73190000 - 0x7319f000 	C:\Windows\system32\wkscli.dll
0x731c0000 - 0x731c9000 	C:\Windows\system32\netutils.dll
0x72900000 - 0x72b38000 	C:\Windows\system32\wpdshext.dll
0x6b230000 - 0x6b3c0000 	C:\Windows\WinSxS\x86_microsoft.windows.gdiplus_6595b64144ccf1df_1.1.7600.16385_none_72fc7cbf861225ca\gdiplus.dll
0x73000000 - 0x73089000 	C:\Windows\system32\PortableDeviceApi.dll
0x75cd0000 - 0x75cfd000 	C:\Windows\syswow64\WINTRUST.dll
0x76270000 - 0x7638c000 	C:\Windows\syswow64\CRYPT32.dll
0x75d60000 - 0x75d6c000 	C:\Windows\syswow64\MSASN1.dll
0x72f80000 - 0x72fbf000 	C:\Windows\system32\audiodev.dll
0x72690000 - 0x728f7000 	C:\Windows\system32\WMVCore.DLL
0x72fc0000 - 0x72ffd000 	C:\Windows\system32\WMASF.DLL
0x72f50000 - 0x72f72000 	C:\Windows\system32\EhStorAPI.dll
0x6bb50000 - 0x6bb59000 	C:\Windows\system32\LINKINFO.dll
0x6ba90000 - 0x6bab4000 	C:\Program Files (x86)\Java\jdk1.7.0_51\jre\bin\dcpr.dll
0x10000000 - 0x10046000 	D:\Set up\Office\unikey40RC2-1101-win32\UKHook40.dll
0x06b00000 - 0x06f63000 	E:\NetBeansProjects\WeightedCliqueProblem\lib\jipopt.dll
0x72c70000 - 0x72d5b000 	C:\Windows\system32\dbghelp.dll

VM Arguments:
jvm_args: -Dfile.encoding=UTF-8 
java_command: weightedcliqueproblem.view.MainFrame
Launcher Type: SUN_STANDARD

Environment Variables:
JAVA_HOME=C:\Program Files (x86)\Java\jdk1.7.0_51
PATH=C:\Program Files (x86)\Java\jdk1.7.0_51\bin;C:\Windows\system32;C:\Windows;C:\Windows\System32\Wbem;C:\Windows\System32\WindowsPowerShell\v1.0\;C:\Program Files (x86)\Microsoft SQL Server\90\Tools\binn\;C:\Program Files\Microsoft\Web Platform Installer\
USERNAME=TungNT
OS=Windows_NT
PROCESSOR_IDENTIFIER=Intel64 Family 6 Model 42 Stepping 7, GenuineIntel



---------------  S Y S T E M  ---------------

OS: Windows 7 , 64 bit Build 7600 

CPU:total 4 (2 cores per cpu, 2 threads per core) family 6 model 42 stepping 7, cmov, cx8, fxsr, mmx, sse, sse2, sse3, ssse3, sse4.1, sse4.2, popcnt, aes, ht, tsc, tscinvbit

Memory: 4k page, physical 4085932k(2258932k free), swap 8169968k(5958600k free)

vm_info: Java HotSpot(TM) Client VM (24.51-b03) for windows-x86 JRE (1.7.0_51-b13), built on Dec 18 2013 19:09:58 by "java_re" with unknown MS VC++:1600

time: Tue Mar 11 10:27:17 2014
elapsed time: 8 seconds

